<?xml version="1.0" encoding="UTF-8"?>
<testng-results ignored="0" total="1" passed="1" failed="0" skipped="0">
  <reporter-output>
  </reporter-output>
  <suite started-at="2022-11-01T16:18:05 IST" name="Default suite" finished-at="2022-11-01T16:18:38 IST" duration-ms="32555">
    <groups>
    </groups>
    <test started-at="2022-11-01T16:18:05 IST" name="Default test" finished-at="2022-11-01T16:18:38 IST" duration-ms="32555">
      <class name="Test1.Test1.Test1">
        <test-method is-config="true" signature="intilizeBrowser()[pri:0, instance:Test1.Test1.Test1@5af3afd9]" started-at="2022-11-01T16:18:05 IST" name="intilizeBrowser" finished-at="2022-11-01T16:18:18 IST" duration-ms="12433" status="PASS">
          <reporter-output>
          </reporter-output>
        </test-method> <!-- intilizeBrowser -->
        <test-method is-config="true" signature="perform()[pri:0, instance:Test1.Test1.Test1@5af3afd9]" started-at="2022-11-01T16:18:18 IST" name="perform" finished-at="2022-11-01T16:18:34 IST" duration-ms="15933" status="PASS">
          <reporter-output>
          </reporter-output>
        </test-method> <!-- perform -->
        <test-method signature="Test()[pri:0, instance:Test1.Test1.Test1@5af3afd9]" started-at="2022-11-01T16:18:34 IST" name="Test" finished-at="2022-11-01T16:18:38 IST" duration-ms="3788" status="PASS">
          <reporter-output>
          </reporter-output>
        </test-method> <!-- Test -->
        <test-method is-config="true" signature="close_browser()[pri:0, instance:Test1.Test1.Test1@5af3afd9]" started-at="2022-11-01T16:18:38 IST" name="close_browser" finished-at="2022-11-01T16:18:38 IST" duration-ms="334" status="PASS">
          <reporter-output>
          </reporter-output>
        </test-method> <!-- close_browser -->
      </class> <!-- Test1.Test1.Test1 -->
    </test> <!-- Default test -->
  </suite> <!-- Default suite -->
</testng-results>
